<?xml version="1.0" encoding="UTF-8"?>
<!-- Generated by org.testng.reporters.JUnitXMLReporter -->
<testsuite hostname="D-184000366" ignored="0" name="Test" tests="4" failures="0" timestamp="15 Feb 2018 10:03:59 GMT" time="0.773" errors="0">
  <testcase name="@BeforeTest launchBrowser" time="0.0" classname="com.wipro.opencart.tests.RegistrationAndAddToCart">
    <failure type="org.testng.TestNGException" message="
Parameter &amp;apos;Browser&amp;apos; is required by BeforeTest on method launchBrowser but has not been marked @Optional or defined
in D:\OpenCartMaven\testng.xml">
      <![CDATA[org.testng.TestNGException: Parameter 'Browser' is required by BeforeTest on method launchBrowser but has not been marked @Optional or definedin D:\OpenCartMaven\testng.xml... Removed 21 stack frames]]>
    </failure>
  </testcase> <!-- @BeforeTest launchBrowser -->
  <testcase name="@AfterTest logout" time="0.0" classname="com.wipro.opencart.tests.RegistrationAndAddToCart">
    <skipped/>
  </testcase> <!-- @AfterTest logout -->
  <testcase name="registration" time="0.0" classname="com.wipro.opencart.tests.RegistrationAndAddToCart">
    <skipped/>
  </testcase> <!-- registration -->
  <testcase name="addReviewOnViewedProduct" time="0.0" classname="com.wipro.opencart.tests.RegistrationAndAddToCart">
    <skipped/>
  </testcase> <!-- addReviewOnViewedProduct -->
  <testcase name="addToWishlist" time="0.0" classname="com.wipro.opencart.tests.RegistrationAndAddToCart">
    <skipped/>
  </testcase> <!-- addToWishlist -->
  <testcase name="addToCart" time="0.0" classname="com.wipro.opencart.tests.RegistrationAndAddToCart">
    <skipped/>
  </testcase> <!-- addToCart -->
</testsuite> <!-- Test -->
